[INFO ] 03-04-2023 14:44:58 [main] ThucHanh2 - Code giao dien
[INFO ] 03-04-2023 14:44:58 [main] ThucHanh2 - Code giao dien chỉnh khoảng cách:xong
[INFO ] 03-04-2023 14:47:02 [main] ThucHanh2 - Code giao dien
[INFO ] 03-04-2023 14:47:02 [main] ThucHanh2 - Code giao dien chỉnh khoảng cáchsửa
[INFO ] 03-04-2023 14:53:28 [main] ThucHanh2 - Code giao dien
[INFO ] 03-04-2023 14:53:28 [main] ThucHanh2 - Code giao dien chỉnh khoảng cáchsửa
[INFO ] 03-04-2023 14:53:58 [main] ThucHanh2 - Code giao dien
[INFO ] 03-04-2023 14:53:58 [main] ThucHanh2 - Code sửa lại giao diện
[INFO ] 03-04-2023 14:54:40 [main] ThucHanh2 - Code giao dien
[INFO ] 03-04-2023 14:54:40 [main] ThucHanh2 - Code sửa lại giao diện
[INFO ] 03-04-2023 14:55:22 [main] ThucHanh2 - Code giao dien
[INFO ] 03-04-2023 14:55:22 [main] ThucHanh2 - Code sửa lại giao diện
[INFO ] 03-04-2023 14:58:47 [main] ThucHanh2 - Code giao dien
[INFO ] 03-04-2023 14:58:47 [main] ThucHanh2 - Code sửa lại giao diện
[INFO ] 03-04-2023 15:01:38 [main] ThucHanh2 - Code giao dien
[INFO ] 03-04-2023 15:01:38 [main] ThucHanh2 - Code sửa lại giao diện
[INFO ] 03-04-2023 15:04:52 [main] ThucHanh2 - Code giao dien
[INFO ] 03-04-2023 15:04:52 [main] ThucHanh2 - Code sửa lại giao diện
[INFO ] 03-04-2023 15:06:29 [main] ThucHanh2 - Code giao dien
[INFO ] 03-04-2023 15:06:29 [main] ThucHanh2 - Code sửa lại giao diện
[INFO ] 03-04-2023 15:08:52 [main] ThucHanh2 - Code giao dien
[INFO ] 03-04-2023 15:08:52 [main] ThucHanh2 - Code sửa lại giao diện: xong
[INFO ] 03-04-2023 15:08:52 [main] ThucHanh2 - Xử lý các nút bấm: 0->9
[INFO ] 03-04-2023 15:09:11 [main] ThucHanh2 - Code giao dien
[INFO ] 03-04-2023 15:09:11 [main] ThucHanh2 - Code sửa lại giao diện: xong
[INFO ] 03-04-2023 15:09:11 [main] ThucHanh2 - Xử lý các nút bấm: 0->9
[INFO ] 03-04-2023 15:11:27 [main] ThucHanh2 - Code giao dien
[INFO ] 03-04-2023 15:11:27 [main] ThucHanh2 - Code sửa lại giao diện: xong
[INFO ] 03-04-2023 15:11:27 [main] ThucHanh2 - Xử lý các nút bấm: 0->9
[INFO ] 03-04-2023 15:12:13 [main] ThucHanh2 - Code giao dien
[INFO ] 03-04-2023 15:12:13 [main] ThucHanh2 - Code sửa lại giao diện: xong
[INFO ] 03-04-2023 15:12:13 [main] ThucHanh2 - Xử lý các nút bấm: 0->9
[INFO ] 03-04-2023 15:19:34 [main] ThucHanh2 - Code giao dien
[INFO ] 03-04-2023 15:19:34 [main] ThucHanh2 - Code sửa lại giao diện: xong
[INFO ] 03-04-2023 15:19:34 [main] ThucHanh2 - Xử lý các nút bấm: 0->9
[INFO ] 03-04-2023 15:19:40 [main] ThucHanh2 - Code giao dien
[INFO ] 03-04-2023 15:19:40 [main] ThucHanh2 - Code sửa lại giao diện: xong
[INFO ] 03-04-2023 15:19:40 [main] ThucHanh2 - Xử lý các nút bấm: 0->9
[INFO ] 03-04-2023 15:24:40 [main] ThucHanh2 - Code giao dien
[INFO ] 03-04-2023 15:24:40 [main] ThucHanh2 - Code sửa lại giao diện: xong
[INFO ] 03-04-2023 15:24:40 [main] ThucHanh2 - Xử lý các nút bấm: 0->9
[INFO ] 03-04-2023 15:26:48 [main] ThucHanh2 - Code giao dien
[INFO ] 03-04-2023 15:26:48 [main] ThucHanh2 - Code sửa lại giao diện: xong
[INFO ] 03-04-2023 15:26:48 [main] ThucHanh2 - Xử lý các nút bấm: 0->9
[INFO ] 03-04-2023 15:28:20 [main] ThucHanh2 - Code giao dien
[INFO ] 03-04-2023 15:28:20 [main] ThucHanh2 - Code sửa lại giao diện: xong
[INFO ] 03-04-2023 15:28:20 [main] ThucHanh2 - Xử lý các nút bấm: 0->9
[INFO ] 03-04-2023 15:35:09 [main] ThucHanh2 - Code giao dien
[INFO ] 03-04-2023 15:35:09 [main] ThucHanh2 - Code sửa lại giao diện: xong
[INFO ] 03-04-2023 15:35:09 [main] ThucHanh2 - Xử lý các nút bấm: 0->9
[INFO ] 03-04-2023 15:36:12 [main] ThucHanh2 - Code giao dien
[INFO ] 03-04-2023 15:36:12 [main] ThucHanh2 - Code sửa lại giao diện: xong
[INFO ] 03-04-2023 15:36:12 [main] ThucHanh2 - Xử lý các nút bấm: 0->9
[INFO ] 03-04-2023 15:36:44 [main] ThucHanh2 - Code giao dien
[INFO ] 03-04-2023 15:36:44 [main] ThucHanh2 - Code sửa lại giao diện: xong
[INFO ] 03-04-2023 15:36:44 [main] ThucHanh2 - Xử lý các nút bấm: 0->9
[INFO ] 03-04-2023 15:39:45 [main] ThucHanh2 - Code giao dien
[INFO ] 03-04-2023 15:39:45 [main] ThucHanh2 - Code sửa lại giao diện: xong
[INFO ] 03-04-2023 15:39:45 [main] ThucHanh2 - Xử lý các nút bấm: 0->9
[INFO ] 03-04-2023 15:42:09 [main] ThucHanh2 - Code giao dien
[INFO ] 03-04-2023 15:42:09 [main] ThucHanh2 - Code sửa lại giao diện: xong
[INFO ] 03-04-2023 15:42:09 [main] ThucHanh2 - Xử lý các nút bấm: 0->9
[INFO ] 03-04-2023 15:52:57 [main] ThucHanh2 - Code giao dien
[INFO ] 03-04-2023 15:52:57 [main] ThucHanh2 - Code sửa lại giao diện: xong
[INFO ] 03-04-2023 15:52:57 [main] ThucHanh2 - Xử lý các nút bấm: 0->9
[INFO ] 03-04-2023 15:55:23 [main] ThucHanh2 - Code giao dien
[INFO ] 03-04-2023 15:55:23 [main] ThucHanh2 - Code sửa lại giao diện: xong
[INFO ] 03-04-2023 15:55:23 [main] ThucHanh2 - Xử lý các nút bấm: 0->9
[INFO ] 03-04-2023 15:57:22 [main] ThucHanh2 - Code giao dien
[INFO ] 03-04-2023 15:57:22 [main] ThucHanh2 - Code sửa lại giao diện: xong
[INFO ] 03-04-2023 15:57:22 [main] ThucHanh2 - Xử lý các nút bấm: 0->9
[INFO ] 03-04-2023 15:58:09 [main] ThucHanh2 - Code giao dien
[INFO ] 03-04-2023 15:58:09 [main] ThucHanh2 - Code sửa lại giao diện: xong
[INFO ] 03-04-2023 15:58:09 [main] ThucHanh2 - Xử lý các nút bấm: 0->9
[INFO ] 03-04-2023 15:58:37 [main] ThucHanh2 - Code giao dien
[INFO ] 03-04-2023 15:58:37 [main] ThucHanh2 - Code sửa lại giao diện: xong
[INFO ] 03-04-2023 15:58:37 [main] ThucHanh2 - Xử lý các nút bấm: 0->9
[INFO ] 03-04-2023 15:58:37 [main] ThucHanh2 - Xử lý các nút bấm khác
[INFO ] 03-04-2023 15:59:36 [main] ThucHanh2 - Code giao dien
[INFO ] 03-04-2023 15:59:36 [main] ThucHanh2 - Code sửa lại giao diện: xong
[INFO ] 03-04-2023 15:59:36 [main] ThucHanh2 - Xử lý các nút bấm: 0->9
[INFO ] 03-04-2023 15:59:36 [main] ThucHanh2 - Xử lý các nút bấm khác
[INFO ] 03-04-2023 16:00:03 [main] ThucHanh2 - Code giao dien
[INFO ] 03-04-2023 16:00:03 [main] ThucHanh2 - Code sửa lại giao diện: xong
[INFO ] 03-04-2023 16:00:03 [main] ThucHanh2 - Xử lý các nút bấm: 0->9
[INFO ] 03-04-2023 16:00:03 [main] ThucHanh2 - Xử lý các nút bấm khác
[INFO ] 03-04-2023 16:01:42 [main] ThucHanh2 - Code giao dien
[INFO ] 03-04-2023 16:01:43 [main] ThucHanh2 - Code sửa lại giao diện: xong
[INFO ] 03-04-2023 16:01:43 [main] ThucHanh2 - Xử lý các nút bấm: 0->9
[INFO ] 03-04-2023 16:01:43 [main] ThucHanh2 - Xử lý các nút bấm khác
[INFO ] 03-04-2023 16:03:31 [main] ThucHanh2 - Code giao dien
[INFO ] 03-04-2023 16:03:31 [main] ThucHanh2 - Code sửa lại giao diện: xong
[INFO ] 03-04-2023 16:03:31 [main] ThucHanh2 - Xử lý các nút bấm: 0->9
[INFO ] 03-04-2023 16:03:31 [main] ThucHanh2 - Xử lý các nút bấm khác
[INFO ] 03-04-2023 16:05:33 [main] ThucHanh2 - Code giao dien
[INFO ] 03-04-2023 16:05:33 [main] ThucHanh2 - Code sửa lại giao diện: xong
[INFO ] 03-04-2023 16:05:33 [main] ThucHanh2 - Xử lý các nút bấm: 0->9
[INFO ] 03-04-2023 16:05:33 [main] ThucHanh2 - Xử lý các nút bấm khác
[INFO ] 03-04-2023 16:06:21 [main] ThucHanh2 - Code giao dien
[INFO ] 03-04-2023 16:06:21 [main] ThucHanh2 - Code sửa lại giao diện: xong
[INFO ] 03-04-2023 16:06:21 [main] ThucHanh2 - Xử lý các nút bấm: 0->9
[INFO ] 03-04-2023 16:06:21 [main] ThucHanh2 - Xử lý các nút bấm khác
[INFO ] 03-04-2023 16:07:32 [main] ThucHanh2 - Code giao dien
[INFO ] 03-04-2023 16:07:32 [main] ThucHanh2 - Code sửa lại giao diện: xong
[INFO ] 03-04-2023 16:07:32 [main] ThucHanh2 - Xử lý các nút bấm: 0->9
[INFO ] 03-04-2023 16:07:32 [main] ThucHanh2 - Xử lý các nút bấm khác
[INFO ] 03-04-2023 16:10:30 [main] ThucHanh2 - Code giao dien
[INFO ] 03-04-2023 16:10:30 [main] ThucHanh2 - Code sửa lại giao diện: xong
[INFO ] 03-04-2023 16:10:30 [main] ThucHanh2 - Xử lý các nút bấm: 0->9
[INFO ] 03-04-2023 16:10:30 [main] ThucHanh2 - Xử lý các nút bấm khác
